\BOOKMARK [1][-]{section.1}{Introduction}{}% 1
\BOOKMARK [1][-]{section.2}{Methods}{}% 2
\BOOKMARK [2][-]{subsection.2.1}{Pain maps}{section.2}% 3
\BOOKMARK [2][-]{subsection.2.2}{Pre-processing of pain maps}{section.2}% 4
\BOOKMARK [3][-]{subsubsection.2.2.1}{Morphology-representation \(MR\)}{subsection.2.2}% 5
\BOOKMARK [3][-]{subsubsection.2.2.2}{Location-representation \(LR\)}{subsection.2.2}% 6
\BOOKMARK [3][-]{subsubsection.2.2.3}{Combined-representation \(CR\)}{subsection.2.2}% 7
\BOOKMARK [2][-]{subsection.2.3}{Architecture of the deep learning models}{section.2}% 8
\BOOKMARK [3][-]{subsubsection.2.3.1}{The convolutional layers}{subsection.2.3}% 9
\BOOKMARK [3][-]{subsubsection.2.3.2}{Max pooling layers}{subsection.2.3}% 10
\BOOKMARK [3][-]{subsubsection.2.3.3}{Fully connected layer and output layer}{subsection.2.3}% 11
\BOOKMARK [3][-]{subsubsection.2.3.4}{Rectified Linear Unit activation function}{subsection.2.3}% 12
\BOOKMARK [3][-]{subsubsection.2.3.5}{Dropout algorithm}{subsection.2.3}% 13
\BOOKMARK [3][-]{subsubsection.2.3.6}{Back-propagation algorithm}{subsection.2.3}% 14
\BOOKMARK [2][-]{subsection.2.4}{Training of the models}{section.2}% 15
\BOOKMARK [2][-]{subsection.2.5}{Nonlinearity in pain maps}{section.2}% 16
\BOOKMARK [1][-]{section.3}{Results}{}% 17
\BOOKMARK [2][-]{subsection.3.1}{Optimization of the models}{section.3}% 18
\BOOKMARK [2][-]{subsection.3.2}{Performance of the models}{section.3}% 19
\BOOKMARK [1][-]{section.4}{Discussion}{}% 20
\BOOKMARK [2][-]{subsection.4.1}{Consequences of using split body}{section.4}% 21
\BOOKMARK [2][-]{subsection.4.2}{Classification of pain maps}{section.4}% 22
\BOOKMARK [2][-]{subsection.4.3}{Limitation of threshold}{section.4}% 23
\BOOKMARK [2][-]{subsection.4.4}{Optimization of deep learning models}{section.4}% 24
\BOOKMARK [1][-]{section.5}{Conclusion}{}% 25
\BOOKMARK [1][-]{section.6}{Acknowledgement}{}% 26
