\BOOKMARK [0][-]{indhold.0}{Indholdsfortegnelse}{}% 1
\BOOKMARK [0][-]{chapter.1}{Introduction}{}% 2
\BOOKMARK [1][-]{section.1.1}{Primary aim}{chapter.1}% 3
\BOOKMARK [1][-]{section.1.2}{Secondary aim}{chapter.1}% 4
\BOOKMARK [0][-]{chapter.2}{Background}{}% 5
\BOOKMARK [1][-]{section.2.1}{Anatomy of the Knee}{chapter.2}% 6
\BOOKMARK [1][-]{section.2.2}{Pain}{chapter.2}% 7
\BOOKMARK [1][-]{section.2.3}{Identify and interpret pain}{chapter.2}% 8
\BOOKMARK [2][-]{subsection.2.3.1}{Identify cause of pain}{section.2.3}% 9
\BOOKMARK [2][-]{subsection.2.3.2}{Pain interpretation}{section.2.3}% 10
\BOOKMARK [1][-]{section.2.4}{Knee regions}{chapter.2}% 11
\BOOKMARK [1][-]{section.2.5}{Machine learning}{chapter.2}% 12
\BOOKMARK [2][-]{subsection.2.5.1}{Deep Learning}{section.2.5}% 13
\BOOKMARK [2][-]{subsection.2.5.2}{Convolutional Neural Networks}{section.2.5}% 14
\BOOKMARK [0][-]{chapter.3}{Materials}{}% 15
\BOOKMARK [1][-]{section.3.1}{Data}{chapter.3}% 16
\BOOKMARK [2][-]{subsection.3.1.1}{Software application: Navigate Pain}{section.3.1}% 17
\BOOKMARK [1][-]{section.3.2}{Programs}{chapter.3}% 18
\BOOKMARK [0][-]{chapter.4}{Data Processing}{}% 19
\BOOKMARK [1][-]{section.4.1}{Pre-processing}{chapter.4}% 20
\BOOKMARK [2][-]{subsection.4.1.1}{Morphology}{section.4.1}% 21
\BOOKMARK [2][-]{subsection.4.1.2}{Regions}{section.4.1}% 22
\BOOKMARK [2][-]{subsection.4.1.3}{Superimposed morphology and regions}{section.4.1}% 23
\BOOKMARK [0][-]{chapter.5}{Results}{}% 24
\BOOKMARK [0][-]{section*.22}{Bibliography}{}% 25
\BOOKMARK [0][-]{appendix.A}{Appendix}{}% 26
\BOOKMARK [1][-]{section.A.1}{Appendix I}{appendix.A}% 27
